Determining if the pthread_create exist failed with the following output:
Change Dir: /home/daphne/PROJET_OPENGL/IMACMAN/Code/CMakeFiles/CMakeTmp

Run Build Command:"/usr/bin/make" "cmTC_67bca/fast"
/usr/bin/make -f CMakeFiles/cmTC_67bca.dir/build.make CMakeFiles/cmTC_67bca.dir/build
make[1]: Entering directory '/home/daphne/PROJET_OPENGL/IMACMAN/Code/CMakeFiles/CMakeTmp'
Building C object CMakeFiles/cmTC_67bca.dir/CheckSymbolExists.c.o
/usr/bin/cc     -o CMakeFiles/cmTC_67bca.dir/CheckSymbolExists.c.o   -c /home/daphne/PROJET_OPENGL/IMACMAN/Code/CMakeFiles/CMakeTmp/CheckSymbolExists.c
Linking C executable cmTC_67bca
/usr/bin/cmake -E cmake_link_script CMakeFiles/cmTC_67bca.dir/link.txt --verbose=1
/usr/bin/cc       CMakeFiles/cmTC_67bca.dir/CheckSymbolExists.c.o  -o cmTC_67bca -rdynamic 
CMakeFiles/cmTC_67bca.dir/CheckSymbolExists.c.o: In function `main':
CheckSymbolExists.c:(.text+0x1b): undefined reference to `pthread_create'
collect2: error: ld returned 1 exit status
CMakeFiles/cmTC_67bca.dir/build.make:97: recipe for target 'cmTC_67bca' failed
make[1]: *** [cmTC_67bca] Error 1
make[1]: Leaving directory '/home/daphne/PROJET_OPENGL/IMACMAN/Code/CMakeFiles/CMakeTmp'
Makefile:126: recipe for target 'cmTC_67bca/fast' failed
make: *** [cmTC_67bca/fast] Error 2

File /home/daphne/PROJET_OPENGL/IMACMAN/Code/CMakeFiles/CMakeTmp/CheckSymbolExists.c:
/* */
#include <pthread.h>

int main(int argc, char** argv)
{
  (void)argv;
#ifndef pthread_create
  return ((int*)(&pthread_create))[argc];
#else
  (void)argc;
  return 0;
#endif
}

Determining if the function pthread_create exists in the pthreads failed with the following output:
Change Dir: /home/daphne/PROJET_OPENGL/IMACMAN/Code/CMakeFiles/CMakeTmp

Run Build Command:"/usr/bin/make" "cmTC_c8e52/fast"
/usr/bin/make -f CMakeFiles/cmTC_c8e52.dir/build.make CMakeFiles/cmTC_c8e52.dir/build
make[1]: Entering directory '/home/daphne/PROJET_OPENGL/IMACMAN/Code/CMakeFiles/CMakeTmp'
Building C object CMakeFiles/cmTC_c8e52.dir/CheckFunctionExists.c.o
/usr/bin/cc    -DCHECK_FUNCTION_EXISTS=pthread_create   -o CMakeFiles/cmTC_c8e52.dir/CheckFunctionExists.c.o   -c /usr/share/cmake-3.7/Modules/CheckFunctionExists.c
Linking C executable cmTC_c8e52
/usr/bin/cmake -E cmake_link_script CMakeFiles/cmTC_c8e52.dir/link.txt --verbose=1
/usr/bin/cc   -DCHECK_FUNCTION_EXISTS=pthread_create    CMakeFiles/cmTC_c8e52.dir/CheckFunctionExists.c.o  -o cmTC_c8e52 -rdynamic -lpthreads 
/usr/bin/ld: cannot find -lpthreads
collect2: error: ld returned 1 exit status
CMakeFiles/cmTC_c8e52.dir/build.make:97: recipe for target 'cmTC_c8e52' failed
make[1]: *** [cmTC_c8e52] Error 1
make[1]: Leaving directory '/home/daphne/PROJET_OPENGL/IMACMAN/Code/CMakeFiles/CMakeTmp'
Makefile:126: recipe for target 'cmTC_c8e52/fast' failed
make: *** [cmTC_c8e52/fast] Error 2


